<?xml version="1.0" encoding="UTF-8" ?>
<testsuite errors="0" failures="0" hostname="jenkins-slave2" name="com.ali.enums.ActionTypesEnumTest" tests="1" time="3.265" timestamp="2011-08-30T17:40:27">
  <properties>
[...]
</properties>
  <testcase classname="com.ali.enums.ActionTypesEnumTest" name="testToIntFromInt" time="0.012" />
  <system-out><![CDATA[]]></system-out>
  <system-err><![CDATA[log4j:WARN No appenders could be found for logger (com.ali.commons.sqlmapper.LocalSqlExecutor).
log4j:WARN Please initialize the log4j system properly.
]]></system-err>
</testsuite>
